The system is: Linux - 2.6.32-431.11.2.el6.x86_64 - x86_64
Compiling the C compiler identification source file "CMakeCCompilerId.c" succeeded.
Compiler: /cvmfs/cms.cern.ch/slc6_amd64_gcc472/external/gcc/4.7.2-cms/bin/gcc 
Build flags: 
Id flags: 

The output was:
0


Compilation of the C compiler identification source "CMakeCCompilerId.c" produced "a.out"

The C compiler identification is GNU, found in "/afs/hep.wisc.edu/home/dasu/Physics535/Exercise05/task2/task2a-build/CMakeFiles/CompilerIdC/a.out"

Compiling the CXX compiler identification source file "CMakeCXXCompilerId.cpp" succeeded.
Compiler: /cvmfs/cms.cern.ch/slc6_amd64_gcc472/external/gcc/4.7.2-cms/bin/c++ 
Build flags: 
Id flags: 

The output was:
0
CMakeCXXCompilerId.cpp:67:58: warning: deprecated conversion from string constant to 'char*' [-Wwrite-strings]
CMakeCXXCompilerId.cpp:157:58: warning: deprecated conversion from string constant to 'char*' [-Wwrite-strings]


Compilation of the CXX compiler identification source "CMakeCXXCompilerId.cpp" produced "a.out"

The CXX compiler identification is GNU, found in "/afs/hep.wisc.edu/home/dasu/Physics535/Exercise05/task2/task2a-build/CMakeFiles/CompilerIdCXX/a.out"

Determining if the C compiler works passed with the following output:
Change Dir: /afs/hep.wisc.edu/home/dasu/Physics535/Exercise05/task2/task2a-build/CMakeFiles/CMakeTmp

Run Build Command:/cvmfs/cms.cern.ch/slc6_amd64_gcc472/cms/cmssw/CMSSW_6_2_6/external/slc6_amd64_gcc472/bin/gmake "cmTryCompileExec/fast"
/cvmfs/cms.cern.ch/slc6_amd64_gcc472/cms/cmssw/CMSSW_6_2_6/external/slc6_amd64_gcc472/bin/gmake -f CMakeFiles/cmTryCompileExec.dir/build.make CMakeFiles/cmTryCompileExec.dir/build
gmake[1]: Entering directory `/afs/hep.wisc.edu/user/dasu/Physics535/Exercise05/task2/task2a-build/CMakeFiles/CMakeTmp'
/usr/bin/cmake -E cmake_progress_report /afs/hep.wisc.edu/home/dasu/Physics535/Exercise05/task2/task2a-build/CMakeFiles/CMakeTmp/CMakeFiles 1
Building C object CMakeFiles/cmTryCompileExec.dir/testCCompiler.c.o
/cvmfs/cms.cern.ch/slc6_amd64_gcc472/external/gcc/4.7.2-cms/bin/gcc    -o CMakeFiles/cmTryCompileExec.dir/testCCompiler.c.o   -c /afs/hep.wisc.edu/home/dasu/Physics535/Exercise05/task2/task2a-build/CMakeFiles/CMakeTmp/testCCompiler.c
Linking C executable cmTryCompileExec
/usr/bin/cmake -E cmake_link_script CMakeFiles/cmTryCompileExec.dir/link.txt --verbose=1
/cvmfs/cms.cern.ch/slc6_amd64_gcc472/external/gcc/4.7.2-cms/bin/gcc       -fPIC CMakeFiles/cmTryCompileExec.dir/testCCompiler.c.o  -o cmTryCompileExec -rdynamic 
gmake[1]: Leaving directory `/afs/hep.wisc.edu/user/dasu/Physics535/Exercise05/task2/task2a-build/CMakeFiles/CMakeTmp'


Detecting C compiler ABI info compiled with the following output:
Change Dir: /afs/hep.wisc.edu/home/dasu/Physics535/Exercise05/task2/task2a-build/CMakeFiles/CMakeTmp

Run Build Command:/cvmfs/cms.cern.ch/slc6_amd64_gcc472/cms/cmssw/CMSSW_6_2_6/external/slc6_amd64_gcc472/bin/gmake "cmTryCompileExec/fast"
/cvmfs/cms.cern.ch/slc6_amd64_gcc472/cms/cmssw/CMSSW_6_2_6/external/slc6_amd64_gcc472/bin/gmake -f CMakeFiles/cmTryCompileExec.dir/build.make CMakeFiles/cmTryCompileExec.dir/build
gmake[1]: Entering directory `/afs/hep.wisc.edu/user/dasu/Physics535/Exercise05/task2/task2a-build/CMakeFiles/CMakeTmp'
/usr/bin/cmake -E cmake_progress_report /afs/hep.wisc.edu/home/dasu/Physics535/Exercise05/task2/task2a-build/CMakeFiles/CMakeTmp/CMakeFiles 1
Building C object CMakeFiles/cmTryCompileExec.dir/CMakeCCompilerABI.c.o
/cvmfs/cms.cern.ch/slc6_amd64_gcc472/external/gcc/4.7.2-cms/bin/gcc    -o CMakeFiles/cmTryCompileExec.dir/CMakeCCompilerABI.c.o   -c /usr/share/cmake/Modules/CMakeCCompilerABI.c
Linking C executable cmTryCompileExec
/usr/bin/cmake -E cmake_link_script CMakeFiles/cmTryCompileExec.dir/link.txt --verbose=1
/cvmfs/cms.cern.ch/slc6_amd64_gcc472/external/gcc/4.7.2-cms/bin/gcc       -fPIC CMakeFiles/cmTryCompileExec.dir/CMakeCCompilerABI.c.o  -o cmTryCompileExec -rdynamic 
gmake[1]: Leaving directory `/afs/hep.wisc.edu/user/dasu/Physics535/Exercise05/task2/task2a-build/CMakeFiles/CMakeTmp'


Determining if the CXX compiler works passed with the following output:
Change Dir: /afs/hep.wisc.edu/home/dasu/Physics535/Exercise05/task2/task2a-build/CMakeFiles/CMakeTmp

Run Build Command:/cvmfs/cms.cern.ch/slc6_amd64_gcc472/cms/cmssw/CMSSW_6_2_6/external/slc6_amd64_gcc472/bin/gmake "cmTryCompileExec/fast"
/cvmfs/cms.cern.ch/slc6_amd64_gcc472/cms/cmssw/CMSSW_6_2_6/external/slc6_amd64_gcc472/bin/gmake -f CMakeFiles/cmTryCompileExec.dir/build.make CMakeFiles/cmTryCompileExec.dir/build
gmake[1]: Entering directory `/afs/hep.wisc.edu/user/dasu/Physics535/Exercise05/task2/task2a-build/CMakeFiles/CMakeTmp'
/usr/bin/cmake -E cmake_progress_report /afs/hep.wisc.edu/home/dasu/Physics535/Exercise05/task2/task2a-build/CMakeFiles/CMakeTmp/CMakeFiles 1
Building CXX object CMakeFiles/cmTryCompileExec.dir/testCXXCompiler.cxx.o
/cvmfs/cms.cern.ch/slc6_amd64_gcc472/external/gcc/4.7.2-cms/bin/c++     -o CMakeFiles/cmTryCompileExec.dir/testCXXCompiler.cxx.o -c /afs/hep.wisc.edu/home/dasu/Physics535/Exercise05/task2/task2a-build/CMakeFiles/CMakeTmp/testCXXCompiler.cxx
Linking CXX executable cmTryCompileExec
/usr/bin/cmake -E cmake_link_script CMakeFiles/cmTryCompileExec.dir/link.txt --verbose=1
/cvmfs/cms.cern.ch/slc6_amd64_gcc472/external/gcc/4.7.2-cms/bin/c++        -fPIC CMakeFiles/cmTryCompileExec.dir/testCXXCompiler.cxx.o  -o cmTryCompileExec -rdynamic 
gmake[1]: Leaving directory `/afs/hep.wisc.edu/user/dasu/Physics535/Exercise05/task2/task2a-build/CMakeFiles/CMakeTmp'


Detecting CXX compiler ABI info compiled with the following output:
Change Dir: /afs/hep.wisc.edu/home/dasu/Physics535/Exercise05/task2/task2a-build/CMakeFiles/CMakeTmp

Run Build Command:/cvmfs/cms.cern.ch/slc6_amd64_gcc472/cms/cmssw/CMSSW_6_2_6/external/slc6_amd64_gcc472/bin/gmake "cmTryCompileExec/fast"
/cvmfs/cms.cern.ch/slc6_amd64_gcc472/cms/cmssw/CMSSW_6_2_6/external/slc6_amd64_gcc472/bin/gmake -f CMakeFiles/cmTryCompileExec.dir/build.make CMakeFiles/cmTryCompileExec.dir/build
gmake[1]: Entering directory `/afs/hep.wisc.edu/user/dasu/Physics535/Exercise05/task2/task2a-build/CMakeFiles/CMakeTmp'
/usr/bin/cmake -E cmake_progress_report /afs/hep.wisc.edu/home/dasu/Physics535/Exercise05/task2/task2a-build/CMakeFiles/CMakeTmp/CMakeFiles 1
Building CXX object CMakeFiles/cmTryCompileExec.dir/CMakeCXXCompilerABI.cpp.o
/cvmfs/cms.cern.ch/slc6_amd64_gcc472/external/gcc/4.7.2-cms/bin/c++     -o CMakeFiles/cmTryCompileExec.dir/CMakeCXXCompilerABI.cpp.o -c /usr/share/cmake/Modules/CMakeCXXCompilerABI.cpp
Linking CXX executable cmTryCompileExec
/usr/bin/cmake -E cmake_link_script CMakeFiles/cmTryCompileExec.dir/link.txt --verbose=1
/cvmfs/cms.cern.ch/slc6_amd64_gcc472/external/gcc/4.7.2-cms/bin/c++        -fPIC CMakeFiles/cmTryCompileExec.dir/CMakeCXXCompilerABI.cpp.o  -o cmTryCompileExec -rdynamic 
gmake[1]: Leaving directory `/afs/hep.wisc.edu/user/dasu/Physics535/Exercise05/task2/task2a-build/CMakeFiles/CMakeTmp'


